app/build/outputs/apk/manifest-merger-debug-report.txt
-- Merging decision tree log ---
manifest
ADDED from AndroidManifest.xml:13:1
	package
		ADDED from AndroidManifest.xml:15:5
		INJECTED from AndroidManifest.xml:0:0
		INJECTED from AndroidManifest.xml:0:0
	android:versionName
		ADDED from AndroidManifest.xml:17:5
	android:versionCode
		ADDED from AndroidManifest.xml:16:5
		INJECTED from AndroidManifest.xml:0:0
		INJECTED from AndroidManifest.xml:0:0
	xmlns:android
		ADDED from AndroidManifest.xml:13:11
	android:installLocation
		ADDED from AndroidManifest.xml:14:5
uses-sdk
ADDED from AndroidManifest.xml:19:5
	android:targetSdkVersion
		ADDED from AndroidManifest.xml:21:9
		INJECTED from AndroidManifest.xml:0:0
		INJECTED from AndroidManifest.xml:0:0
	android:minSdkVersion
		ADDED from AndroidManifest.xml:20:9
		INJECTED from AndroidManifest.xml:0:0
		INJECTED from AndroidManifest.xml:0:0
uses-permission#android.permission.INTERNET
ADDED from AndroidManifest.xml:23:5
	android:name
		ADDED from AndroidManifest.xml:23:22
uses-permission#android.permission.WAKE_LOCK
ADDED from AndroidManifest.xml:24:5
	android:name
		ADDED from AndroidManifest.xml:24:22
uses-permission#android.permission.WRITE_EXTERNAL_STORAGE
ADDED from AndroidManifest.xml:25:5
	android:name
		ADDED from AndroidManifest.xml:25:22
uses-permission#android.permission.WRITE_SETTINGS
ADDED from AndroidManifest.xml:26:5
	android:name
		ADDED from AndroidManifest.xml:26:22
uses-permission#android.permission.READ_CONTACTS
ADDED from AndroidManifest.xml:27:5
	android:name
		ADDED from AndroidManifest.xml:27:22
uses-permission#android.permission.READ_CALENDAR
ADDED from AndroidManifest.xml:28:5
	android:name
		ADDED from AndroidManifest.xml:28:22
uses-permission#android.permission.WRITE_CALENDAR
ADDED from AndroidManifest.xml:29:5
	android:name
		ADDED from AndroidManifest.xml:29:22
uses-permission#android.permission.ACCESS_NETWORK_STATE
ADDED from AndroidManifest.xml:30:5
	android:name
		ADDED from AndroidManifest.xml:30:22
uses-permission#android.permission.GET_ACCOUNTS
ADDED from AndroidManifest.xml:33:5
	android:name
		ADDED from AndroidManifest.xml:33:22
uses-permission#android.permission.MANAGE_ACCOUNTS
ADDED from AndroidManifest.xml:34:5
	android:name
		ADDED from AndroidManifest.xml:34:22
uses-permission#android.permission.USE_CREDENTIALS
ADDED from AndroidManifest.xml:35:5
	android:name
		ADDED from AndroidManifest.xml:35:22
uses-permission#com.google.android.googleapps.permission.GOOGLE_AUTH
ADDED from AndroidManifest.xml:36:5
	android:name
		ADDED from AndroidManifest.xml:36:22
uses-permission#com.google.android.googleapps.permission.GOOGLE_AUTH.wise
ADDED from AndroidManifest.xml:37:5
	android:name
		ADDED from AndroidManifest.xml:37:22
uses-permission#com.google.android.googleapps.permission.GOOGLE_AUTH.writely
ADDED from AndroidManifest.xml:38:5
	android:name
		ADDED from AndroidManifest.xml:38:22
uses-permission#com.google.android.providers.gsf.permission.READ_GSERVICES
ADDED from AndroidManifest.xml:39:5
	android:name
		ADDED from AndroidManifest.xml:39:22
uses-feature#android.hardware.camera
ADDED from AndroidManifest.xml:41:5
	android:required
		ADDED from AndroidManifest.xml:43:9
	android:name
		ADDED from AndroidManifest.xml:42:9
uses-feature#android.hardware.touchscreen
ADDED from AndroidManifest.xml:44:5
	android:required
		ADDED from AndroidManifest.xml:46:9
	android:name
		ADDED from AndroidManifest.xml:45:9
uses-feature#android.hardware.wifi
ADDED from AndroidManifest.xml:47:5
	android:required
		ADDED from AndroidManifest.xml:49:9
	android:name
		ADDED from AndroidManifest.xml:48:9
uses-feature#android.hardware.camera.autofocus
ADDED from AndroidManifest.xml:50:5
	android:required
		ADDED from AndroidManifest.xml:52:9
	android:name
		ADDED from AndroidManifest.xml:51:9
supports-screens
ADDED from AndroidManifest.xml:54:5
	android:largeScreens
		ADDED from AndroidManifest.xml:56:9
	android:smallScreens
		ADDED from AndroidManifest.xml:58:9
	android:normalScreens
		ADDED from AndroidManifest.xml:57:9
	android:xlargeScreens
		ADDED from AndroidManifest.xml:59:9
	android:anyDensity
		ADDED from AndroidManifest.xml:55:9
application
ADDED from AndroidManifest.xml:61:5
	android:backupAgent
		ADDED from AndroidManifest.xml:63:9
	android:label
		ADDED from AndroidManifest.xml:66:9
	android:allowBackup
		ADDED from AndroidManifest.xml:64:9
	android:icon
		ADDED from AndroidManifest.xml:65:9
	android:theme
		ADDED from AndroidManifest.xml:67:9
	android:name
		ADDED from AndroidManifest.xml:62:9
meta-data#com.google.android.backup.api_key
ADDED from AndroidManifest.xml:68:9
	android:value
		ADDED from AndroidManifest.xml:70:13
	android:name
		ADDED from AndroidManifest.xml:69:13
activity#com.google.ads.AdActivity
ADDED from AndroidManifest.xml:72:9
	android:configChanges
		ADDED from AndroidManifest.xml:74:13
	android:name
		ADDED from AndroidManifest.xml:73:13
activity#com.miadzin.shelves.activity.TabSelector
ADDED from AndroidManifest.xml:75:9
	android:label
		ADDED from AndroidManifest.xml:78:13
	android:windowSoftInputMode
		ADDED from AndroidManifest.xml:79:13
	android:configChanges
		ADDED from AndroidManifest.xml:77:13
	android:name
		ADDED from AndroidManifest.xml:76:13
intent-filter#android.intent.action.MAIN+android.intent.category.LAUNCHER
ADDED from AndroidManifest.xml:80:13
action#android.intent.action.MAIN
ADDED from AndroidManifest.xml:81:17
	android:name
		ADDED from AndroidManifest.xml:81:25
category#android.intent.category.LAUNCHER
ADDED from AndroidManifest.xml:83:17
	android:name
		ADDED from AndroidManifest.xml:83:27
activity#com.miadzin.shelves.activity.MainGridActivity
ADDED from AndroidManifest.xml:86:9
	android:launchMode
		ADDED from AndroidManifest.xml:88:13
	android:windowSoftInputMode
		ADDED from AndroidManifest.xml:89:13
	android:name
		ADDED from AndroidManifest.xml:87:13
activity#com.miadzin.shelves.base.BaseItemActivity
ADDED from AndroidManifest.xml:90:9
	android:launchMode
		ADDED from AndroidManifest.xml:92:13
	android:windowSoftInputMode
		ADDED from AndroidManifest.xml:94:13
	android:theme
		ADDED from AndroidManifest.xml:93:13
	android:name
		ADDED from AndroidManifest.xml:91:13
activity#com.miadzin.shelves.activity.apparel.ApparelActivity
ADDED from AndroidManifest.xml:96:9
	android:launchMode
		ADDED from AndroidManifest.xml:98:13
	android:exported
		ADDED from AndroidManifest.xml:100:13
	android:windowSoftInputMode
		ADDED from AndroidManifest.xml:99:13
	android:name
		ADDED from AndroidManifest.xml:97:13
intent-filter#android.intent.action.SEARCH+android.intent.category.DEFAULT+shelves.intent.action.ACTION_EXPORT_SHELVES_APPAREL+shelves.intent.action.ACTION_IMPORT_SHELVES_APPAREL
ADDED from AndroidManifest.xml:101:13
action#shelves.intent.action.ACTION_IMPORT_SHELVES_APPAREL
ADDED from AndroidManifest.xml:102:17
	android:name
		ADDED from AndroidManifest.xml:102:25
action#shelves.intent.action.ACTION_EXPORT_SHELVES_APPAREL
ADDED from AndroidManifest.xml:103:17
	android:name
		ADDED from AndroidManifest.xml:103:25
action#android.intent.action.SEARCH
ADDED from AndroidManifest.xml:104:17
	android:name
		ADDED from AndroidManifest.xml:104:25
category#android.intent.category.DEFAULT
ADDED from AndroidManifest.xml:106:17
	android:name
		ADDED from AndroidManifest.xml:106:27
meta-data#android.app.searchable
ADDED from AndroidManifest.xml:109:13
	android:resource
		ADDED from AndroidManifest.xml:111:17
	android:searchSuggestAuthority
		ADDED from AndroidManifest.xml:112:17
	android:searchSuggestIntentData
		ADDED from AndroidManifest.xml:113:17
	android:name
		ADDED from AndroidManifest.xml:110:17
activity#com.miadzin.shelves.activity.boardgames.BoardGamesActivity
ADDED from AndroidManifest.xml:115:9
	android:launchMode
		ADDED from AndroidManifest.xml:117:13
	android:exported
		ADDED from AndroidManifest.xml:119:13
	android:windowSoftInputMode
		ADDED from AndroidManifest.xml:118:13
	android:name
		ADDED from AndroidManifest.xml:116:13
intent-filter#android.intent.action.SEARCH+android.intent.category.DEFAULT+shelves.intent.action.ACTION_EXPORT_SHELVES_BOARDGAMES+shelves.intent.action.ACTION_IMPORT_SHELVES_BOARDGAMES
ADDED from AndroidManifest.xml:120:13
action#shelves.intent.action.ACTION_IMPORT_SHELVES_BOARDGAMES
ADDED from AndroidManifest.xml:121:17
	android:name
		ADDED from AndroidManifest.xml:121:25
action#shelves.intent.action.ACTION_EXPORT_SHELVES_BOARDGAMES
ADDED from AndroidManifest.xml:122:17
	android:name
		ADDED from AndroidManifest.xml:122:25
activity#com.miadzin.shelves.activity.books.BooksActivity
ADDED from AndroidManifest.xml:134:9
	android:launchMode
		ADDED from AndroidManifest.xml:136:13
	android:exported
		ADDED from AndroidManifest.xml:138:13
	android:windowSoftInputMode
		ADDED from AndroidManifest.xml:137:13
	android:name
		ADDED from AndroidManifest.xml:135:13
intent-filter#android.intent.action.SEARCH+android.intent.category.DEFAULT+shelves.intent.action.ACTION_EXPORT_SHELVES_BOOKS+shelves.intent.action.ACTION_IMPORT_SHELVES_BOOKS
ADDED from AndroidManifest.xml:139:13
action#shelves.intent.action.ACTION_IMPORT_SHELVES_BOOKS
ADDED from AndroidManifest.xml:140:17
	android:name
		ADDED from AndroidManifest.xml:140:25
action#shelves.intent.action.ACTION_EXPORT_SHELVES_BOOKS
ADDED from AndroidManifest.xml:141:17
	android:name
		ADDED from AndroidManifest.xml:141:25
activity#com.miadzin.shelves.activity.comics.ComicsActivity
ADDED from AndroidManifest.xml:153:9
	android:launchMode
		ADDED from AndroidManifest.xml:155:13
	android:exported
		ADDED from AndroidManifest.xml:157:13
	android:windowSoftInputMode
		ADDED from AndroidManifest.xml:156:13
	android:name
		ADDED from AndroidManifest.xml:154:13
intent-filter#android.intent.action.SEARCH+android.intent.category.DEFAULT+shelves.intent.action.ACTION_EXPORT_SHELVES_COMICS+shelves.intent.action.ACTION_IMPORT_SHELVES_COMICS
ADDED from AndroidManifest.xml:158:13
action#shelves.intent.action.ACTION_IMPORT_SHELVES_COMICS
ADDED from AndroidManifest.xml:159:17
	android:name
		ADDED from AndroidManifest.xml:159:25
action#shelves.intent.action.ACTION_EXPORT_SHELVES_COMICS
ADDED from AndroidManifest.xml:160:17
	android:name
		ADDED from AndroidManifest.xml:160:25
activity#com.miadzin.shelves.activity.gadgets.GadgetsActivity
ADDED from AndroidManifest.xml:172:9
	android:launchMode
		ADDED from AndroidManifest.xml:174:13
	android:exported
		ADDED from AndroidManifest.xml:176:13
	android:windowSoftInputMode
		ADDED from AndroidManifest.xml:175:13
	android:name
		ADDED from AndroidManifest.xml:173:13
intent-filter#android.intent.action.SEARCH+android.intent.category.DEFAULT+shelves.intent.action.ACTION_EXPORT_SHELVES_GADGETS+shelves.intent.action.ACTION_IMPORT_SHELVES_GADGETS
ADDED from AndroidManifest.xml:177:13
action#shelves.intent.action.ACTION_IMPORT_SHELVES_GADGETS
ADDED from AndroidManifest.xml:178:17
	android:name
		ADDED from AndroidManifest.xml:178:25
action#shelves.intent.action.ACTION_EXPORT_SHELVES_GADGETS
ADDED from AndroidManifest.xml:179:17
	android:name
		ADDED from AndroidManifest.xml:179:25
activity#com.miadzin.shelves.activity.movies.MoviesActivity
ADDED from AndroidManifest.xml:191:9
	android:launchMode
		ADDED from AndroidManifest.xml:193:13
	android:exported
		ADDED from AndroidManifest.xml:195:13
	android:windowSoftInputMode
		ADDED from AndroidManifest.xml:194:13
	android:name
		ADDED from AndroidManifest.xml:192:13
intent-filter#android.intent.action.SEARCH+android.intent.category.DEFAULT+shelves.intent.action.ACTION_EXPORT_SHELVES_MOVIES+shelves.intent.action.ACTION_IMPORT_SHELVES_MOVIES
ADDED from AndroidManifest.xml:196:13
action#shelves.intent.action.ACTION_IMPORT_SHELVES_MOVIES
ADDED from AndroidManifest.xml:197:17
	android:name
		ADDED from AndroidManifest.xml:197:25
action#shelves.intent.action.ACTION_EXPORT_SHELVES_MOVIES
ADDED from AndroidManifest.xml:198:17
	android:name
		ADDED from AndroidManifest.xml:198:25
activity#com.miadzin.shelves.activity.music.MusicActivity
ADDED from AndroidManifest.xml:210:9
	android:launchMode
		ADDED from AndroidManifest.xml:212:13
	android:exported
		ADDED from AndroidManifest.xml:214:14
	android:windowSoftInputMode
		ADDED from AndroidManifest.xml:213:13
	android:name
		ADDED from AndroidManifest.xml:211:13
intent-filter#android.intent.action.SEARCH+android.intent.category.DEFAULT+shelves.intent.action.ACTION_EXPORT_SHELVES_MUSIC+shelves.intent.action.ACTION_IMPORT_SHELVES_MUSIC
ADDED from AndroidManifest.xml:215:13
action#shelves.intent.action.ACTION_IMPORT_SHELVES_MUSIC
ADDED from AndroidManifest.xml:216:17
	android:name
		ADDED from AndroidManifest.xml:216:25
action#shelves.intent.action.ACTION_EXPORT_SHELVES_MUSIC
ADDED from AndroidManifest.xml:217:17
	android:name
		ADDED from AndroidManifest.xml:217:25
activity#com.miadzin.shelves.activity.software.SoftwareActivity
ADDED from AndroidManifest.xml:229:9
	android:launchMode
		ADDED from AndroidManifest.xml:231:13
	android:exported
		ADDED from AndroidManifest.xml:233:13
	android:windowSoftInputMode
		ADDED from AndroidManifest.xml:232:13
	android:name
		ADDED from AndroidManifest.xml:230:13
intent-filter#android.intent.action.SEARCH+android.intent.category.DEFAULT+shelves.intent.action.ACTION_EXPORT_SHELVES_SOFTWARE+shelves.intent.action.ACTION_IMPORT_SHELVES_SOFTWARE
ADDED from AndroidManifest.xml:234:13
action#shelves.intent.action.ACTION_IMPORT_SHELVES_SOFTWARE
ADDED from AndroidManifest.xml:235:17
	android:name
		ADDED from AndroidManifest.xml:235:25
action#shelves.intent.action.ACTION_EXPORT_SHELVES_SOFTWARE
ADDED from AndroidManifest.xml:236:17
	android:name
		ADDED from AndroidManifest.xml:236:25
activity#com.miadzin.shelves.activity.tools.ToolsActivity
ADDED from AndroidManifest.xml:248:9
	android:launchMode
		ADDED from AndroidManifest.xml:250:13
	android:exported
		ADDED from AndroidManifest.xml:252:13
	android:windowSoftInputMode
		ADDED from AndroidManifest.xml:251:13
	android:name
		ADDED from AndroidManifest.xml:249:13
intent-filter#android.intent.action.SEARCH+android.intent.category.DEFAULT+shelves.intent.action.ACTION_EXPORT_SHELVES_TOOLS+shelves.intent.action.ACTION_IMPORT_SHELVES_TOOLS
ADDED from AndroidManifest.xml:253:13
action#shelves.intent.action.ACTION_IMPORT_SHELVES_TOOLS
ADDED from AndroidManifest.xml:254:17
	android:name
		ADDED from AndroidManifest.xml:254:25
action#shelves.intent.action.ACTION_EXPORT_SHELVES_TOOLS
ADDED from AndroidManifest.xml:255:17
	android:name
		ADDED from AndroidManifest.xml:255:25
activity#com.miadzin.shelves.activity.toys.ToysActivity
ADDED from AndroidManifest.xml:267:9
	android:launchMode
		ADDED from AndroidManifest.xml:269:13
	android:exported
		ADDED from AndroidManifest.xml:271:13
	android:windowSoftInputMode
		ADDED from AndroidManifest.xml:270:13
	android:name
		ADDED from AndroidManifest.xml:268:13
intent-filter#android.intent.action.SEARCH+android.intent.category.DEFAULT+shelves.intent.action.ACTION_EXPORT_SHELVES_TOYS+shelves.intent.action.ACTION_IMPORT_SHELVES_TOYS
ADDED from AndroidManifest.xml:272:13
action#shelves.intent.action.ACTION_IMPORT_SHELVES_TOYS
ADDED from AndroidManifest.xml:273:17
	android:name
		ADDED from AndroidManifest.xml:273:25
action#shelves.intent.action.ACTION_EXPORT_SHELVES_TOYS
ADDED from AndroidManifest.xml:274:17
	android:name
		ADDED from AndroidManifest.xml:274:25
activity#com.miadzin.shelves.activity.videogames.VideoGamesActivity
ADDED from AndroidManifest.xml:286:9
	android:launchMode
		ADDED from AndroidManifest.xml:288:13
	android:exported
		ADDED from AndroidManifest.xml:290:13
	android:windowSoftInputMode
		ADDED from AndroidManifest.xml:289:13
	android:name
		ADDED from AndroidManifest.xml:287:13
intent-filter#android.intent.action.SEARCH+android.intent.category.DEFAULT+shelves.intent.action.ACTION_EXPORT_SHELVES_VIDEOGAMES+shelves.intent.action.ACTION_IMPORT_SHELVES_VIDEOGAMES
ADDED from AndroidManifest.xml:291:13
action#shelves.intent.action.ACTION_IMPORT_SHELVES_VIDEOGAMES
ADDED from AndroidManifest.xml:292:17
	android:name
		ADDED from AndroidManifest.xml:292:25
action#shelves.intent.action.ACTION_EXPORT_SHELVES_VIDEOGAMES
ADDED from AndroidManifest.xml:293:17
	android:name
		ADDED from AndroidManifest.xml:293:25
activity#com.miadzin.shelves.activity.apparel.AddApparelActivity
ADDED from AndroidManifest.xml:305:9
	android:configChanges
		ADDED from AndroidManifest.xml:307:13
	android:theme
		ADDED from AndroidManifest.xml:308:13
	android:name
		ADDED from AndroidManifest.xml:306:13
activity#com.miadzin.shelves.activity.boardgames.AddBoardGamesActivity
ADDED from AndroidManifest.xml:309:9
	android:configChanges
		ADDED from AndroidManifest.xml:311:13
	android:theme
		ADDED from AndroidManifest.xml:312:13
	android:name
		ADDED from AndroidManifest.xml:310:13
activity#com.miadzin.shelves.activity.books.AddBookActivity
ADDED from AndroidManifest.xml:313:9
	android:configChanges
		ADDED from AndroidManifest.xml:315:13
	android:theme
		ADDED from AndroidManifest.xml:316:13
	android:name
		ADDED from AndroidManifest.xml:314:13
activity#com.miadzin.shelves.activity.comics.AddComicActivity
ADDED from AndroidManifest.xml:317:9
	android:configChanges
		ADDED from AndroidManifest.xml:319:13
	android:theme
		ADDED from AndroidManifest.xml:320:13
	android:name
		ADDED from AndroidManifest.xml:318:13
activity#com.miadzin.shelves.activity.gadgets.AddGadgetActivity
ADDED from AndroidManifest.xml:321:9
	android:configChanges
		ADDED from AndroidManifest.xml:323:13
	android:theme
		ADDED from AndroidManifest.xml:324:13
	android:name
		ADDED from AndroidManifest.xml:322:13
activity#com.miadzin.shelves.activity.movies.AddMovieActivity
ADDED from AndroidManifest.xml:325:9
	android:configChanges
		ADDED from AndroidManifest.xml:327:13
	android:theme
		ADDED from AndroidManifest.xml:328:13
	android:name
		ADDED from AndroidManifest.xml:326:13
activity#com.miadzin.shelves.activity.music.AddMusicActivity
ADDED from AndroidManifest.xml:329:9
	android:configChanges
		ADDED from AndroidManifest.xml:331:13
	android:theme
		ADDED from AndroidManifest.xml:332:13
	android:name
		ADDED from AndroidManifest.xml:330:13
activity#com.miadzin.shelves.activity.software.AddSoftwareActivity
ADDED from AndroidManifest.xml:333:9
	android:configChanges
		ADDED from AndroidManifest.xml:335:13
	android:theme
		ADDED from AndroidManifest.xml:336:13
	android:name
		ADDED from AndroidManifest.xml:334:13
activity#com.miadzin.shelves.activity.tools.AddToolActivity
ADDED from AndroidManifest.xml:337:9
	android:theme
		ADDED from AndroidManifest.xml:339:13
	android:name
		ADDED from AndroidManifest.xml:338:13
activity#com.miadzin.shelves.activity.toys.AddToyActivity
ADDED from AndroidManifest.xml:340:9
	android:theme
		ADDED from AndroidManifest.xml:342:13
	android:name
		ADDED from AndroidManifest.xml:341:13
activity#com.miadzin.shelves.activity.videogames.AddVideoGameActivity
ADDED from AndroidManifest.xml:343:9
	android:configChanges
		ADDED from AndroidManifest.xml:345:13
	android:theme
		ADDED from AndroidManifest.xml:346:13
	android:name
		ADDED from AndroidManifest.xml:344:13
activity#com.miadzin.shelves.base.BaseManualAddActivity
ADDED from AndroidManifest.xml:347:9
	android:windowSoftInputMode
		ADDED from AndroidManifest.xml:349:13
	android:name
		ADDED from AndroidManifest.xml:348:13
activity#com.miadzin.shelves.activity.apparel.ApparelDetailsActivity
ADDED from AndroidManifest.xml:350:9
	android:exported
		ADDED from AndroidManifest.xml:355:13
	android:windowSoftInputMode
		ADDED from AndroidManifest.xml:354:13
	android:configChanges
		ADDED from AndroidManifest.xml:352:13
	android:theme
		ADDED from AndroidManifest.xml:353:13
	android:name
		ADDED from AndroidManifest.xml:351:13
intent-filter#android.intent.action.VIEW+android.intent.category.DEFAULT
ADDED from AndroidManifest.xml:356:13
action#android.intent.action.VIEW
ADDED from AndroidManifest.xml:357:17
	android:name
		ADDED from AndroidManifest.xml:357:25
data
ADDED from AndroidManifest.xml:361:17
	android:mimeType
		ADDED from AndroidManifest.xml:361:23
activity#com.miadzin.shelves.activity.boardgames.BoardGameDetailsActivity
ADDED from AndroidManifest.xml:364:9
	android:exported
		ADDED from AndroidManifest.xml:369:13
	android:windowSoftInputMode
		ADDED from AndroidManifest.xml:368:13
	android:configChanges
		ADDED from AndroidManifest.xml:366:13
	android:theme
		ADDED from AndroidManifest.xml:367:13
	android:name
		ADDED from AndroidManifest.xml:365:13
activity#com.miadzin.shelves.activity.books.BookDetailsActivity
ADDED from AndroidManifest.xml:378:9
	android:exported
		ADDED from AndroidManifest.xml:383:13
	android:windowSoftInputMode
		ADDED from AndroidManifest.xml:382:13
	android:configChanges
		ADDED from AndroidManifest.xml:380:13
	android:theme
		ADDED from AndroidManifest.xml:381:13
	android:name
		ADDED from AndroidManifest.xml:379:13
activity#com.miadzin.shelves.activity.comics.ComicDetailsActivity
ADDED from AndroidManifest.xml:392:9
	android:exported
		ADDED from AndroidManifest.xml:397:13
	android:windowSoftInputMode
		ADDED from AndroidManifest.xml:396:13
	android:configChanges
		ADDED from AndroidManifest.xml:394:13
	android:theme
		ADDED from AndroidManifest.xml:395:13
	android:name
		ADDED from AndroidManifest.xml:393:13
activity#com.miadzin.shelves.activity.gadgets.GadgetDetailsActivity
ADDED from AndroidManifest.xml:406:9
	android:exported
		ADDED from AndroidManifest.xml:411:13
	android:windowSoftInputMode
		ADDED from AndroidManifest.xml:410:13
	android:configChanges
		ADDED from AndroidManifest.xml:408:13
	android:theme
		ADDED from AndroidManifest.xml:409:13
	android:name
		ADDED from AndroidManifest.xml:407:13
activity#com.miadzin.shelves.activity.movies.MovieDetailsActivity
ADDED from AndroidManifest.xml:420:9
	android:exported
		ADDED from AndroidManifest.xml:425:13
	android:windowSoftInputMode
		ADDED from AndroidManifest.xml:424:13
	android:configChanges
		ADDED from AndroidManifest.xml:422:13
	android:theme
		ADDED from AndroidManifest.xml:423:13
	android:name
		ADDED from AndroidManifest.xml:421:13
activity#com.miadzin.shelves.activity.music.MusicDetailsActivity
ADDED from AndroidManifest.xml:434:9
	android:exported
		ADDED from AndroidManifest.xml:439:13
	android:windowSoftInputMode
		ADDED from AndroidManifest.xml:438:13
	android:configChanges
		ADDED from AndroidManifest.xml:436:13
	android:theme
		ADDED from AndroidManifest.xml:437:13
	android:name
		ADDED from AndroidManifest.xml:435:13
activity#com.miadzin.shelves.activity.software.SoftwareDetailsActivity
ADDED from AndroidManifest.xml:448:9
	android:exported
		ADDED from AndroidManifest.xml:453:13
	android:windowSoftInputMode
		ADDED from AndroidManifest.xml:452:13
	android:configChanges
		ADDED from AndroidManifest.xml:450:13
	android:theme
		ADDED from AndroidManifest.xml:451:13
	android:name
		ADDED from AndroidManifest.xml:449:13
activity#com.miadzin.shelves.activity.tools.ToolDetailsActivity
ADDED from AndroidManifest.xml:462:9
	android:exported
		ADDED from AndroidManifest.xml:467:13
	android:windowSoftInputMode
		ADDED from AndroidManifest.xml:466:13
	android:configChanges
		ADDED from AndroidManifest.xml:464:13
	android:theme
		ADDED from AndroidManifest.xml:465:13
	android:name
		ADDED from AndroidManifest.xml:463:13
activity#com.miadzin.shelves.activity.toys.ToyDetailsActivity
ADDED from AndroidManifest.xml:476:9
	android:exported
		ADDED from AndroidManifest.xml:481:13
	android:windowSoftInputMode
		ADDED from AndroidManifest.xml:480:13
	android:configChanges
		ADDED from AndroidManifest.xml:478:13
	android:theme
		ADDED from AndroidManifest.xml:479:13
	android:name
		ADDED from AndroidManifest.xml:477:13
activity#com.miadzin.shelves.activity.videogames.VideoGameDetailsActivity
ADDED from AndroidManifest.xml:490:9
	android:exported
		ADDED from AndroidManifest.xml:495:13
	android:windowSoftInputMode
		ADDED from AndroidManifest.xml:494:13
	android:configChanges
		ADDED from AndroidManifest.xml:492:13
	android:theme
		ADDED from AndroidManifest.xml:493:13
	android:name
		ADDED from AndroidManifest.xml:491:13
activity#com.miadzin.shelves.activity.TagActivity
ADDED from AndroidManifest.xml:506:9
	android:label
		ADDED from AndroidManifest.xml:508:13
	android:windowSoftInputMode
		ADDED from AndroidManifest.xml:509:13
	android:name
		ADDED from AndroidManifest.xml:507:13
activity#com.miadzin.shelves.util.ImportResults
ADDED from AndroidManifest.xml:512:9
	android:windowSoftInputMode
		ADDED from AndroidManifest.xml:515:13
	android:theme
		ADDED from AndroidManifest.xml:514:13
	android:name
		ADDED from AndroidManifest.xml:513:13
activity#com.miadzin.shelves.activity.RateActivity
ADDED from AndroidManifest.xml:518:9
	android:label
		ADDED from AndroidManifest.xml:520:13
	android:windowSoftInputMode
		ADDED from AndroidManifest.xml:522:13
	android:theme
		ADDED from AndroidManifest.xml:521:13
	android:name
		ADDED from AndroidManifest.xml:519:13
activity#com.miadzin.shelves.activity.LoadImagesActivity
ADDED from AndroidManifest.xml:525:9
	android:windowSoftInputMode
		ADDED from AndroidManifest.xml:527:13
	android:name
		ADDED from AndroidManifest.xml:526:13
activity#com.miadzin.shelves.activity.LoanActivity
ADDED from AndroidManifest.xml:530:9
	android:label
		ADDED from AndroidManifest.xml:532:13
	android:windowSoftInputMode
		ADDED from AndroidManifest.xml:534:13
	android:theme
		ADDED from AndroidManifest.xml:533:13
	android:name
		ADDED from AndroidManifest.xml:531:13
activity#com.miadzin.shelves.activity.LoanViewActivity
ADDED from AndroidManifest.xml:535:9
	android:configChanges
		ADDED from AndroidManifest.xml:537:13
	android:name
		ADDED from AndroidManifest.xml:536:13
activity#com.miadzin.shelves.activity.WishlistViewActivity
ADDED from AndroidManifest.xml:538:9
	android:configChanges
		ADDED from AndroidManifest.xml:540:13
	android:name
		ADDED from AndroidManifest.xml:539:13
activity#com.miadzin.shelves.activity.QuantityActivity
ADDED from AndroidManifest.xml:542:9
	android:label
		ADDED from AndroidManifest.xml:544:13
	android:windowSoftInputMode
		ADDED from AndroidManifest.xml:546:13
	android:theme
		ADDED from AndroidManifest.xml:545:13
	android:name
		ADDED from AndroidManifest.xml:543:13
activity#com.miadzin.shelves.activity.apparel.ApparelLiveFolder
ADDED from AndroidManifest.xml:549:9
	android:label
		ADDED from AndroidManifest.xml:552:13
	android:exported
		ADDED from AndroidManifest.xml:553:13
	android:icon
		ADDED from AndroidManifest.xml:551:13
	android:name
		ADDED from AndroidManifest.xml:550:13
intent-filter#android.intent.action.CREATE_LIVE_FOLDER+android.intent.category.DEFAULT
ADDED from AndroidManifest.xml:554:13
action#android.intent.action.CREATE_LIVE_FOLDER
ADDED from AndroidManifest.xml:555:17
	android:name
		ADDED from AndroidManifest.xml:555:25
activity#com.miadzin.shelves.activity.boardgames.BoardGamesLiveFolder
ADDED from AndroidManifest.xml:560:9
	android:label
		ADDED from AndroidManifest.xml:563:13
	android:exported
		ADDED from AndroidManifest.xml:564:13
	android:icon
		ADDED from AndroidManifest.xml:562:13
	android:name
		ADDED from AndroidManifest.xml:561:13
activity#com.miadzin.shelves.activity.books.BooksLiveFolder
ADDED from AndroidManifest.xml:571:9
	android:label
		ADDED from AndroidManifest.xml:574:13
	android:exported
		ADDED from AndroidManifest.xml:575:13
	android:icon
		ADDED from AndroidManifest.xml:573:13
	android:name
		ADDED from AndroidManifest.xml:572:13
activity#com.miadzin.shelves.activity.comics.ComicsLiveFolder
ADDED from AndroidManifest.xml:582:9
	android:label
		ADDED from AndroidManifest.xml:585:13
	android:exported
		ADDED from AndroidManifest.xml:586:13
	android:icon
		ADDED from AndroidManifest.xml:584:13
	android:name
		ADDED from AndroidManifest.xml:583:13
activity#com.miadzin.shelves.activity.gadgets.GadgetsLiveFolder
ADDED from AndroidManifest.xml:593:9
	android:label
		ADDED from AndroidManifest.xml:596:13
	android:exported
		ADDED from AndroidManifest.xml:597:13
	android:icon
		ADDED from AndroidManifest.xml:595:13
	android:name
		ADDED from AndroidManifest.xml:594:13
activity#com.miadzin.shelves.activity.movies.MoviesLiveFolder
ADDED from AndroidManifest.xml:604:9
	android:label
		ADDED from AndroidManifest.xml:607:13
	android:exported
		ADDED from AndroidManifest.xml:608:13
	android:icon
		ADDED from AndroidManifest.xml:606:13
	android:name
		ADDED from AndroidManifest.xml:605:13
activity#com.miadzin.shelves.activity.music.MusicLiveFolder
ADDED from AndroidManifest.xml:615:9
	android:label
		ADDED from AndroidManifest.xml:618:13
	android:exported
		ADDED from AndroidManifest.xml:619:13
	android:icon
		ADDED from AndroidManifest.xml:617:13
	android:name
		ADDED from AndroidManifest.xml:616:13
activity#com.miadzin.shelves.activity.software.SoftwareLiveFolder
ADDED from AndroidManifest.xml:626:9
	android:label
		ADDED from AndroidManifest.xml:629:13
	android:exported
		ADDED from AndroidManifest.xml:630:13
	android:icon
		ADDED from AndroidManifest.xml:628:13
	android:name
		ADDED from AndroidManifest.xml:627:13
activity#com.miadzin.shelves.activity.tools.ToolsLiveFolder
ADDED from AndroidManifest.xml:637:9
	android:label
		ADDED from AndroidManifest.xml:640:13
	android:exported
		ADDED from AndroidManifest.xml:641:13
	android:icon
		ADDED from AndroidManifest.xml:639:13
	android:name
		ADDED from AndroidManifest.xml:638:13
activity#com.miadzin.shelves.activity.toys.ToysLiveFolder
ADDED from AndroidManifest.xml:648:9
	android:label
		ADDED from AndroidManifest.xml:651:13
	android:exported
		ADDED from AndroidManifest.xml:652:13
	android:icon
		ADDED from AndroidManifest.xml:650:13
	android:name
		ADDED from AndroidManifest.xml:649:13
activity#com.miadzin.shelves.activity.videogames.VideoGamesLiveFolder
ADDED from AndroidManifest.xml:659:9
	android:label
		ADDED from AndroidManifest.xml:662:13
	android:exported
		ADDED from AndroidManifest.xml:663:13
	android:icon
		ADDED from AndroidManifest.xml:661:13
	android:name
		ADDED from AndroidManifest.xml:660:13